2023-01-24 12:16:14 [background-preinit] INFO  o.h.validator.internal.util.Version - HV000001: Hibernate Validator 6.1.5.Final
2023-01-24 12:16:15 [main] INFO  c.d.t.a.c.s.ConfigServerApplication - No active profile set, falling back to default profiles: default
2023-01-24 12:16:15 [main] INFO  o.s.cloud.context.scope.GenericScope - BeanFactory id=804d0879-e9c1-305c-85a7-623b7685ae4e
2023-01-24 12:16:15 [main] INFO  o.s.b.w.e.tomcat.TomcatWebServer - Tomcat initialized with port(s): 8888 (http)
2023-01-24 12:16:15 [main] INFO  o.a.coyote.http11.Http11NioProtocol - Initializing ProtocolHandler ["http-nio-8888"]
2023-01-24 12:16:15 [main] INFO  o.a.catalina.core.StandardService - Starting service [Tomcat]
2023-01-24 12:16:15 [main] INFO  o.a.catalina.core.StandardEngine - Starting Servlet engine: [Apache Tomcat/9.0.38]
2023-01-24 12:16:15 [main] INFO  o.a.c.c.C.[Tomcat].[localhost].[/] - Initializing Spring embedded WebApplicationContext
2023-01-24 12:16:15 [main] INFO  o.s.b.w.s.c.ServletWebServerApplicationContext - Root WebApplicationContext: initialization completed in 479 ms
2023-01-24 12:16:15 [main] INFO  o.s.s.c.ThreadPoolTaskExecutor - Initializing ExecutorService 'applicationTaskExecutor'
2023-01-24 12:16:17 [main] INFO  o.s.s.web.DefaultSecurityFilterChain - Creating filter chain: any request, [org.springframework.security.web.context.request.async.WebAsyncManagerIntegrationFilter@d180961, org.springframework.security.web.context.SecurityContextPersistenceFilter@34bddf43, org.springframework.security.web.header.HeaderWriterFilter@160546b1, org.springframework.security.web.csrf.CsrfFilter@27b490de, org.springframework.security.web.authentication.logout.LogoutFilter@413eaf5d, org.springframework.security.web.authentication.UsernamePasswordAuthenticationFilter@54a6ef6, org.springframework.security.web.authentication.ui.DefaultLoginPageGeneratingFilter@7b9c2387, org.springframework.security.web.authentication.ui.DefaultLogoutPageGeneratingFilter@4af7ac25, org.springframework.security.web.authentication.www.BasicAuthenticationFilter@69e36fe3, org.springframework.security.web.savedrequest.RequestCacheAwareFilter@3355b8ff, org.springframework.security.web.servletapi.SecurityContextHolderAwareRequestFilter@270b8c2a, org.springframework.security.web.authentication.AnonymousAuthenticationFilter@d978ab9, org.springframework.security.web.session.SessionManagementFilter@5c3710b3, org.springframework.security.web.access.ExceptionTranslationFilter@395eb363, org.springframework.security.web.access.intercept.FilterSecurityInterceptor@2168def]
2023-01-24 12:16:17 [main] INFO  o.s.b.a.e.web.EndpointLinksResolver - Exposing 2 endpoint(s) beneath base path '/actuator'
2023-01-24 12:16:17 [main] INFO  o.a.coyote.http11.Http11NioProtocol - Starting ProtocolHandler ["http-nio-8888"]
2023-01-24 12:16:17 [main] WARN  o.s.b.w.s.c.AnnotationConfigServletWebServerApplicationContext - Exception encountered during context initialization - cancelling refresh attempt: org.springframework.context.ApplicationContextException: Failed to start bean 'webServerStartStop'; nested exception is org.springframework.boot.web.server.PortInUseException: Port 8888 is already in use
2023-01-24 12:16:17 [main] INFO  o.s.s.c.ThreadPoolTaskExecutor - Shutting down ExecutorService 'applicationTaskExecutor'
2023-01-24 12:16:17 [main] INFO  o.a.coyote.http11.Http11NioProtocol - Pausing ProtocolHandler ["http-nio-8888"]
2023-01-24 12:16:17 [main] INFO  o.a.catalina.core.StandardService - Stopping service [Tomcat]
2023-01-24 12:16:17 [main] INFO  o.a.coyote.http11.Http11NioProtocol - Stopping ProtocolHandler ["http-nio-8888"]
2023-01-24 12:16:17 [main] INFO  o.a.coyote.http11.Http11NioProtocol - Destroying ProtocolHandler ["http-nio-8888"]
2023-01-24 12:16:17 [main] INFO  o.s.b.a.l.ConditionEvaluationReportLoggingListener - 

Error starting ApplicationContext. To display the conditions report re-run your application with 'debug' enabled.
2023-01-24 12:16:17 [main] ERROR o.s.b.d.LoggingFailureAnalysisReporter - 

***************************
APPLICATION FAILED TO START
***************************

Description:

Web server failed to start. Port 8888 was already in use.

Action:

Identify and stop the process that's listening on port 8888 or configure this application to listen on another port.

2023-01-24 12:16:42 [background-preinit] INFO  o.h.validator.internal.util.Version - HV000001: Hibernate Validator 6.1.5.Final
2023-01-24 12:16:42 [main] INFO  c.d.t.a.c.s.ConfigServerApplication - No active profile set, falling back to default profiles: default
2023-01-24 12:16:42 [main] INFO  o.s.cloud.context.scope.GenericScope - BeanFactory id=804d0879-e9c1-305c-85a7-623b7685ae4e
2023-01-24 12:16:42 [main] INFO  o.s.b.w.e.tomcat.TomcatWebServer - Tomcat initialized with port(s): 8888 (http)
2023-01-24 12:16:42 [main] INFO  o.a.coyote.http11.Http11NioProtocol - Initializing ProtocolHandler ["http-nio-8888"]
2023-01-24 12:16:42 [main] INFO  o.a.catalina.core.StandardService - Starting service [Tomcat]
2023-01-24 12:16:42 [main] INFO  o.a.catalina.core.StandardEngine - Starting Servlet engine: [Apache Tomcat/9.0.38]
2023-01-24 12:16:42 [main] INFO  o.a.c.c.C.[Tomcat].[localhost].[/] - Initializing Spring embedded WebApplicationContext
2023-01-24 12:16:42 [main] INFO  o.s.b.w.s.c.ServletWebServerApplicationContext - Root WebApplicationContext: initialization completed in 454 ms
2023-01-24 12:16:42 [main] INFO  o.s.s.c.ThreadPoolTaskExecutor - Initializing ExecutorService 'applicationTaskExecutor'
2023-01-24 12:16:44 [main] INFO  o.s.s.web.DefaultSecurityFilterChain - Creating filter chain: any request, [org.springframework.security.web.context.request.async.WebAsyncManagerIntegrationFilter@86377d5, org.springframework.security.web.context.SecurityContextPersistenceFilter@2cff5aa3, org.springframework.security.web.header.HeaderWriterFilter@32646ecf, org.springframework.security.web.csrf.CsrfFilter@37364634, org.springframework.security.web.authentication.logout.LogoutFilter@6b3b4f37, org.springframework.security.web.authentication.UsernamePasswordAuthenticationFilter@2f61de04, org.springframework.security.web.authentication.ui.DefaultLoginPageGeneratingFilter@5cbe72b9, org.springframework.security.web.authentication.ui.DefaultLogoutPageGeneratingFilter@87220f1, org.springframework.security.web.authentication.www.BasicAuthenticationFilter@d180961, org.springframework.security.web.savedrequest.RequestCacheAwareFilter@2cce10bc, org.springframework.security.web.servletapi.SecurityContextHolderAwareRequestFilter@69c1ea07, org.springframework.security.web.authentication.AnonymousAuthenticationFilter@77998ea7, org.springframework.security.web.session.SessionManagementFilter@23708f14, org.springframework.security.web.access.ExceptionTranslationFilter@57839834, org.springframework.security.web.access.intercept.FilterSecurityInterceptor@7fd2a67a]
2023-01-24 12:16:44 [main] INFO  o.s.b.a.e.web.EndpointLinksResolver - Exposing 2 endpoint(s) beneath base path '/actuator'
2023-01-24 12:16:44 [main] INFO  o.a.coyote.http11.Http11NioProtocol - Starting ProtocolHandler ["http-nio-8888"]
2023-01-24 12:16:44 [main] INFO  o.s.b.w.e.tomcat.TomcatWebServer - Tomcat started on port(s): 8888 (http) with context path ''
2023-01-24 12:16:44 [main] INFO  c.d.t.a.c.s.ConfigServerApplication - Started ConfigServerApplication in 2.414 seconds (JVM running for 2.728)
2023-01-24 12:16:44 [RMI TCP Connection(1)-192.168.0.233] INFO  o.a.c.c.C.[Tomcat].[localhost].[/] - Initializing Spring DispatcherServlet 'dispatcherServlet'
2023-01-24 12:16:44 [RMI TCP Connection(1)-192.168.0.233] INFO  o.s.web.servlet.DispatcherServlet - Initializing Servlet 'dispatcherServlet'
2023-01-24 12:16:44 [RMI TCP Connection(1)-192.168.0.233] INFO  o.s.web.servlet.DispatcherServlet - Completed initialization in 4 ms
2023-01-24 12:17:26 [http-nio-8888-exec-1] INFO  o.s.c.c.s.e.NativeEnvironmentRepository - Adding property source: file:/var/folders/v9/2flyrmzs095fr2xn7vlqpw340000gn/T/config-repo-2820842177354092662/config-client-twitter_stream.yml
2023-01-24 12:17:26 [http-nio-8888-exec-1] INFO  o.s.c.c.s.e.NativeEnvironmentRepository - Adding property source: file:/var/folders/v9/2flyrmzs095fr2xn7vlqpw340000gn/T/config-repo-2820842177354092662/config-client.yml
2023-01-24 12:19:55 [SpringContextShutdownHook] INFO  o.s.s.c.ThreadPoolTaskExecutor - Shutting down ExecutorService 'applicationTaskExecutor'
